 audit-libs                x86_64  2.4.5-6.el6                   base      74 k
 bash                      x86_64  4.1.2-48.el6                  base     910 k
 bind-libs                 x86_64  32:9.8.2-0.62.rc1.el6_9.4     updates  892 k
 bind-utils                x86_64  32:9.8.2-0.62.rc1.el6_9.4     updates  189 k
 binutils                  x86_64  2.20.51.0.2-5.47.el6_9.1      updates  2.8 M
 ca-certificates           noarch  2017.2.14-65.0.1.el6_9        updates  1.3 M
 centos-release            x86_64  6-9.el6.12.3                  base      22 k
 chkconfig                 x86_64  1.3.49.5-1.el6                base     160 k
 coreutils                 x86_64  8.4-46.el6                    base     3.0 M
 coreutils-libs            x86_64  8.4-46.el6                    base      52 k
 cpio                      x86_64  2.10-13.el6                   base     192 k
 curl                      x86_64  7.19.7-53.el6_9               updates  197 k
 db4                       x86_64  4.7.25-22.el6                 base     564 k
 db4-utils                 x86_64  4.7.25-22.el6                 base     131 k
 elfutils-libelf           x86_64  0.164-2.el6                   base     197 k
 expat                     x86_64  2.0.1-13.el6_8                base      77 k
 file-libs                 x86_64  5.04-30.el6                   base     317 k
 findutils                 x86_64  1:4.4.2-9.el6                 base     447 k
 gawk                      x86_64  3.1.7-10.el6_7.3              base     780 k
 gdbm                      x86_64  1.8.0-39.el6                  base      29 k
 glib2                     x86_64  2.28.8-9.el6                  base     1.7 M
 glibc                     x86_64  2.12-1.209.el6_9.2            updates  3.8 M
 glibc-common              x86_64  2.12-1.209.el6_9.2            updates   14 M
 gmp                       x86_64  4.3.1-12.el6                  base     207 k
 grep                      x86_64  2.20-6.el6                    base     345 k
 gzip                      x86_64  1.3.12-24.el6                 base     116 k
 krb5-libs                 x86_64  1.10.3-65.el6                 base     675 k
 libacl                    x86_64  2.2.49-7.el6_9.1              updates   24 k
 libblkid                  x86_64  2.17.2-12.28.el6_9.1          updates  119 k
 libcom_err                x86_64  1.41.12-23.el6                base      38 k
 libcurl                   x86_64  7.19.7-53.el6_9               updates  169 k
 libgcc                    x86_64  4.4.7-18.el6                  base     103 k
 libgcrypt                 x86_64  1.4.5-12.el6_8                base     229 k
 libselinux                x86_64  2.0.94-7.el6                  base     109 k
 libselinux-utils          x86_64  2.0.94-7.el6                  base      82 k
 libssh2                   x86_64  1.4.2-2.el6_7.1               base     123 k
 libstdc++                 x86_64  4.4.7-18.el6                  base     295 k
 libuser                   x86_64  0.56.13-8.el6_7               base     368 k
 libuuid                   x86_64  2.17.2-12.28.el6_9.1          updates   71 k
 libxml2                   x86_64  2.7.6-21.el6_8.1              base     805 k
 make                      x86_64  1:3.81-23.el6                 base     389 k
 net-tools                 x86_64  1.60-114.el6                  base     269 k
 nspr                      x86_64  4.13.1-1.el6                  base     114 k
 nss                       x86_64  3.28.4-4.el6_9                updates  879 k
 nss-softokn               x86_64  3.14.3-23.3.el6_8             base     262 k
 nss-softokn-freebl        x86_64  3.14.3-23.3.el6_8             base     168 k
 nss-sysinit               x86_64  3.28.4-4.el6_9                updates   51 k
 nss-tools                 x86_64  3.28.4-4.el6_9                updates  447 k
 nss-util                  x86_64  3.28.4-1.el6_9                updates   68 k
 openldap                  x86_64  2.4.40-16.el6                 base     285 k
 openssl                   x86_64  1.0.1e-57.el6                 base     1.5 M
 pam                       x86_64  1.1.1-24.el6                  base     659 k
 procps                    x86_64  3.2.8-45.el6_9.1              updates  219 k
 python                    x86_64  2.6.6-66.el6_8                base      76 k
 python-libs               x86_64  2.6.6-66.el6_8                base     5.3 M
 python-pycurl             x86_64  7.19.0-9.el6                  base      77 k
 python-urlgrabber         noarch  3.9.1-11.el6                  base      86 k
 rpm                       x86_64  4.8.0-55.el6                  base     906 k
 rpm-libs                  x86_64  4.8.0-55.el6                  base     318 k
 rpm-python                x86_64  4.8.0-55.el6                  base      60 k
 setup                     noarch  2.8.14-23.el6                 base     151 k
 shadow-utils              x86_64  2:4.1.5.1-5.el6               base     1.0 M
 sqlite                    x86_64  3.6.20-1.el6_7.2              base     300 k
 tzdata                    noarch  2017c-1.el6                   updates  481 k
 vim-minimal               x86_64  2:7.4.629-5.el6_8.1           base     422 k
 yum                       noarch  3.2.29-81.el6.centos          base     1.0 M
 yum-plugin-fastestmirror  noarch  1.1.30-40.el6                 base      33 k
Installing for dependencies:
 libsemanage               x86_64  2.0.43-5.1.el6                base     104 k

